Start testing: Nov 01 16:00 AEDT
----------------------------------------------------------
1/1 Testing: HelloTest.BasicAssertions
1/1 Test: HelloTest.BasicAssertions
Command: "/Users/michaelchai/Desktop/UNI Second Year/Term 3/DESN2000/build/hello_test" "--gtest_filter=HelloTest.BasicAssertions" "--gtest_also_run_disabled_tests"
Directory: /Users/michaelchai/Desktop/UNI Second Year/Term 3/DESN2000/build
"HelloTest.BasicAssertions" start time: Nov 01 16:00 AEDT
Output:
----------------------------------------------------------
Running main() from /Users/michaelchai/Desktop/UNI Second Year/Term 3/DESN2000/build/_deps/googletest-src/googletest/src/gtest_main.cc
Note: Google Test filter = HelloTest.BasicAssertions
[==========] Running 1 test from 1 test suite.
[----------] Global test environment set-up.
[----------] 1 test from HelloTest
[ RUN      ] HelloTest.BasicAssertions
[       OK ] HelloTest.BasicAssertions (0 ms)
[----------] 1 test from HelloTest (0 ms total)

[----------] Global test environment tear-down
[==========] 1 test from 1 test suite ran. (0 ms total)
[  PASSED  ] 1 test.
<end of output>
Test time =   0.01 sec
----------------------------------------------------------
Test Passed.
"HelloTest.BasicAssertions" end time: Nov 01 16:00 AEDT
"HelloTest.BasicAssertions" time elapsed: 00:00:00
----------------------------------------------------------

End testing: Nov 01 16:00 AEDT
